<?xml version="1.0" encoding="UTF-8"?>
<!-- Generated by org.testng.reporters.JUnitReportReporter -->
<testsuite skipped="0" hostname="acanthophis" name="TestSuite.ValidationHomePage" tests="8" failures="0" timestamp="2020-05-12T11:01:40 CEST" time="9.199" errors="0">
  <testcase name="validateFirsttextOfHeder" time="0.068" classname="TestSuite.ValidationHomePage"/>
  <system-out/>
  <testcase name="validateFooter" time="0.098" classname="TestSuite.ValidationHomePage"/>
  <system-out/>
  <testcase name="validateEmail" time="0.124" classname="TestSuite.ValidationHomePage"/>
  <system-out/>
  <testcase name="checkNewletters" time="8.587" classname="TestSuite.ValidationHomePage"/>
  <system-out/>
  <testcase name="validateSecondtextOfHeder" time="0.066" classname="TestSuite.ValidationHomePage"/>
  <system-out/>
  <testcase name="testAllCourses" time="0.069" classname="TestSuite.ValidationHomePage"/>
  <system-out/>
  <testcase name="validateNavigationBar" time="0.055" classname="TestSuite.ValidationHomePage"/>
  <system-out/>
  <testcase name="validatePhoneNumber" time="0.132" classname="TestSuite.ValidationHomePage"/>
  <system-out/>
</testsuite> <!-- TestSuite.ValidationHomePage -->
