<?xml version="1.0" encoding="UTF-8"?>
<!-- Generated by org.testng.reporters.JUnitReportReporter -->
<testsuite skipped="0" hostname="acanthophis" name="TestSuite.ValidationHomePage" tests="8" failures="0" timestamp="2020-05-11T16:15:45 CEST" time="8.786" errors="0">
  <testcase name="checkNewletters" time="8.487" classname="TestSuite.ValidationHomePage"/>
  <system-out/>
  <testcase name="testAllCourses" time="0.034" classname="TestSuite.ValidationHomePage"/>
  <system-out/>
  <testcase name="validateNavigationBar" time="0.037" classname="TestSuite.ValidationHomePage"/>
  <system-out/>
  <testcase name="validateEmail" time="0.069" classname="TestSuite.ValidationHomePage"/>
  <system-out/>
  <testcase name="validateSecondtextOfHeder" time="0.032" classname="TestSuite.ValidationHomePage"/>
  <system-out/>
  <testcase name="validateFooter" time="0.032" classname="TestSuite.ValidationHomePage"/>
  <system-out/>
  <testcase name="validateFirsttextOfHeder" time="0.033" classname="TestSuite.ValidationHomePage"/>
  <system-out/>
  <testcase name="validatePhoneNumber" time="0.062" classname="TestSuite.ValidationHomePage"/>
  <system-out/>
</testsuite> <!-- TestSuite.ValidationHomePage -->
