<?xml version="1.0" encoding="UTF-8"?>
<!-- Generated by org.testng.reporters.JUnitReportReporter -->
<testsuite skipped="0" hostname="acanthophis" name="TestSuite.ValidationHomePage" tests="8" failures="0" timestamp="2020-05-12T11:38:02 CEST" time="9.859" errors="0">
  <testcase name="validateFooter" time="0.122" classname="TestSuite.ValidationHomePage"/>
  <system-out/>
  <testcase name="validateSecondtextOfHeder" time="0.194" classname="TestSuite.ValidationHomePage"/>
  <system-out/>
  <testcase name="validateNavigationBar" time="0.107" classname="TestSuite.ValidationHomePage"/>
  <system-out/>
  <testcase name="checkNewletters" time="9.024" classname="TestSuite.ValidationHomePage"/>
  <system-out/>
  <testcase name="testAllCourses" time="0.047" classname="TestSuite.ValidationHomePage"/>
  <system-out/>
  <testcase name="validateEmail" time="0.120" classname="TestSuite.ValidationHomePage"/>
  <system-out/>
  <testcase name="validateFirsttextOfHeder" time="0.073" classname="TestSuite.ValidationHomePage"/>
  <system-out/>
  <testcase name="validatePhoneNumber" time="0.172" classname="TestSuite.ValidationHomePage"/>
  <system-out/>
</testsuite> <!-- TestSuite.ValidationHomePage -->
