<?xml version="1.0" encoding="UTF-8"?>
<!-- Generated by org.testng.reporters.JUnitReportReporter -->
<testsuite skipped="0" hostname="acanthophis" name="TestSuite.LogingPage" tests="4" failures="0" timestamp="2020-05-12T11:38:02 CEST" time="28.243" errors="0">
  <testcase name="basePageNavegation" time="4.760" classname="TestSuite.LogingPage"/>
  <system-out/>
  <testcase name="basePagePostive" time="5.175" classname="TestSuite.LogingPage"/>
  <system-out/>
  <testcase name="basePageNavegation" time="11.933" classname="TestSuite.LogingPage"/>
  <system-out/>
  <testcase name="basePageNavegation" time="6.375" classname="TestSuite.LogingPage"/>
  <system-out/>
</testsuite> <!-- TestSuite.LogingPage -->
